03/08/2022 01:10:54 PM :: urllib3.connectionpool :: DEBUG :: _new_conn :: 971 :: Starting new HTTPS connection (1): newsapi.org:443
03/08/2022 01:10:55 PM :: urllib3.connectionpool :: DEBUG :: _make_request :: 452 :: https://newsapi.org:443 "GET /v2/everything?q=Covid%20COVID-19%20coronavirus&apiKey=09744b0b7cbe40609b6b36e224cdb969 HTTP/1.1" 200 None
03/08/2022 01:10:55 PM :: covid_news_handling :: DEBUG :: update_news :: 64 :: Beginning to update news...
03/08/2022 01:10:55 PM :: urllib3.connectionpool :: DEBUG :: _new_conn :: 971 :: Starting new HTTPS connection (1): newsapi.org:443
03/08/2022 01:10:55 PM :: urllib3.connectionpool :: DEBUG :: _make_request :: 452 :: https://newsapi.org:443 "GET /v2/everything?q=Covid%20COVID-19%20coronavirus&apiKey=09744b0b7cbe40609b6b36e224cdb969 HTTP/1.1" 200 None
03/08/2022 01:10:55 PM :: covid_news_handling :: INFO :: update_news :: 73 :: News article appended.
03/08/2022 01:10:55 PM :: covid_news_handling :: INFO :: update_news :: 73 :: News article appended.
03/08/2022 01:10:55 PM :: covid_news_handling :: INFO :: update_news :: 73 :: News article appended.
03/08/2022 01:10:55 PM :: covid_news_handling :: INFO :: update_news :: 73 :: News article appended.
03/08/2022 01:10:55 PM :: covid_news_handling :: INFO :: update_news :: 73 :: News article appended.
03/08/2022 01:10:55 PM :: covid_news_handling :: INFO :: update_news :: 73 :: News article appended.
03/08/2022 01:10:55 PM :: covid_news_handling :: INFO :: update_news :: 73 :: News article appended.
03/08/2022 01:10:55 PM :: covid_news_handling :: INFO :: update_news :: 73 :: News article appended.
03/08/2022 01:10:55 PM :: covid_news_handling :: INFO :: update_news :: 73 :: News article appended.
03/08/2022 01:10:55 PM :: covid_news_handling :: INFO :: update_news :: 73 :: News article appended.
03/08/2022 01:10:55 PM :: covid_news_handling :: INFO :: update_news :: 73 :: News article appended.
03/08/2022 01:10:55 PM :: covid_news_handling :: INFO :: update_news :: 73 :: News article appended.
03/08/2022 01:10:55 PM :: covid_news_handling :: INFO :: update_news :: 73 :: News article appended.
03/08/2022 01:10:55 PM :: covid_news_handling :: INFO :: update_news :: 73 :: News article appended.
03/08/2022 01:10:55 PM :: covid_news_handling :: INFO :: update_news :: 73 :: News article appended.
03/08/2022 01:10:55 PM :: covid_news_handling :: INFO :: update_news :: 73 :: News article appended.
03/08/2022 01:10:55 PM :: covid_news_handling :: INFO :: update_news :: 73 :: News article appended.
03/08/2022 01:10:55 PM :: covid_news_handling :: INFO :: update_news :: 73 :: News article appended.
03/08/2022 01:10:55 PM :: covid_news_handling :: INFO :: update_news :: 73 :: News article appended.
03/08/2022 01:10:55 PM :: covid_news_handling :: INFO :: update_news :: 73 :: News article appended.
03/08/2022 01:10:55 PM :: covid_news_handling :: INFO :: update_news :: 73 :: News article appended.
03/08/2022 01:10:55 PM :: covid_news_handling :: INFO :: update_news :: 73 :: News article appended.
03/08/2022 01:10:55 PM :: covid_news_handling :: INFO :: update_news :: 73 :: News article appended.
03/08/2022 01:10:55 PM :: covid_news_handling :: INFO :: update_news :: 73 :: News article appended.
03/08/2022 01:10:55 PM :: covid_news_handling :: INFO :: update_news :: 73 :: News article appended.
03/08/2022 01:10:55 PM :: covid_news_handling :: INFO :: update_news :: 73 :: News article appended.
03/08/2022 01:10:55 PM :: covid_news_handling :: INFO :: update_news :: 73 :: News article appended.
03/08/2022 01:10:55 PM :: covid_news_handling :: INFO :: update_news :: 73 :: News article appended.
03/08/2022 01:10:55 PM :: covid_news_handling :: INFO :: update_news :: 73 :: News article appended.
03/08/2022 01:10:55 PM :: covid_news_handling :: INFO :: update_news :: 73 :: News article appended.
03/08/2022 01:10:55 PM :: covid_news_handling :: INFO :: update_news :: 73 :: News article appended.
03/08/2022 01:10:55 PM :: covid_news_handling :: INFO :: update_news :: 73 :: News article appended.
03/08/2022 01:10:55 PM :: covid_news_handling :: INFO :: update_news :: 73 :: News article appended.
03/08/2022 01:10:55 PM :: covid_news_handling :: INFO :: update_news :: 73 :: News article appended.
03/08/2022 01:10:55 PM :: covid_news_handling :: INFO :: update_news :: 73 :: News article appended.
03/08/2022 01:10:55 PM :: covid_news_handling :: INFO :: update_news :: 73 :: News article appended.
03/08/2022 01:10:55 PM :: covid_news_handling :: INFO :: update_news :: 73 :: News article appended.
03/08/2022 01:10:55 PM :: covid_news_handling :: INFO :: update_news :: 73 :: News article appended.
03/08/2022 01:10:55 PM :: covid_news_handling :: INFO :: update_news :: 73 :: News article appended.
03/08/2022 01:10:55 PM :: covid_news_handling :: INFO :: update_news :: 73 :: News article appended.
03/08/2022 01:10:55 PM :: covid_news_handling :: INFO :: update_news :: 73 :: News article appended.
03/08/2022 01:10:55 PM :: covid_news_handling :: INFO :: update_news :: 73 :: News article appended.
03/08/2022 01:10:55 PM :: covid_news_handling :: INFO :: update_news :: 73 :: News article appended.
03/08/2022 01:10:55 PM :: covid_news_handling :: INFO :: update_news :: 73 :: News article appended.
03/08/2022 01:10:55 PM :: covid_news_handling :: INFO :: update_news :: 73 :: News article appended.
03/08/2022 01:10:55 PM :: covid_news_handling :: INFO :: update_news :: 73 :: News article appended.
03/08/2022 01:10:55 PM :: covid_news_handling :: INFO :: update_news :: 73 :: News article appended.
03/08/2022 01:10:55 PM :: covid_news_handling :: INFO :: update_news :: 73 :: News article appended.
03/08/2022 01:10:55 PM :: covid_news_handling :: INFO :: update_news :: 73 :: News article appended.
03/08/2022 01:10:55 PM :: covid_news_handling :: INFO :: update_news :: 73 :: News article appended.
03/08/2022 01:10:55 PM :: covid_news_handling :: INFO :: update_news :: 73 :: News article appended.
03/08/2022 01:10:55 PM :: covid_news_handling :: INFO :: update_news :: 73 :: News article appended.
03/08/2022 01:10:55 PM :: covid_news_handling :: INFO :: update_news :: 73 :: News article appended.
03/08/2022 01:10:55 PM :: covid_news_handling :: INFO :: update_news :: 73 :: News article appended.
03/08/2022 01:10:55 PM :: covid_news_handling :: INFO :: update_news :: 73 :: News article appended.
03/08/2022 01:10:55 PM :: covid_news_handling :: INFO :: update_news :: 73 :: News article appended.
03/08/2022 01:10:55 PM :: covid_news_handling :: INFO :: update_news :: 73 :: News article appended.
03/08/2022 01:10:55 PM :: covid_news_handling :: INFO :: update_news :: 73 :: News article appended.
03/08/2022 01:10:55 PM :: covid_news_handling :: INFO :: update_news :: 73 :: News article appended.
03/08/2022 01:10:55 PM :: covid_news_handling :: INFO :: update_news :: 73 :: News article appended.
03/08/2022 01:10:55 PM :: covid_news_handling :: INFO :: update_news :: 73 :: News article appended.
03/08/2022 01:10:55 PM :: covid_news_handling :: INFO :: update_news :: 73 :: News article appended.
03/08/2022 01:10:55 PM :: covid_news_handling :: INFO :: update_news :: 73 :: News article appended.
03/08/2022 01:10:55 PM :: covid_news_handling :: INFO :: update_news :: 73 :: News article appended.
03/08/2022 01:10:55 PM :: covid_news_handling :: INFO :: update_news :: 73 :: News article appended.
03/08/2022 01:10:55 PM :: covid_news_handling :: INFO :: update_news :: 73 :: News article appended.
03/08/2022 01:10:55 PM :: covid_news_handling :: INFO :: update_news :: 73 :: News article appended.
03/08/2022 01:10:55 PM :: covid_news_handling :: INFO :: update_news :: 73 :: News article appended.
03/08/2022 01:10:55 PM :: covid_news_handling :: INFO :: update_news :: 73 :: News article appended.
03/08/2022 01:10:55 PM :: covid_news_handling :: INFO :: update_news :: 73 :: News article appended.
03/08/2022 01:10:55 PM :: covid_news_handling :: INFO :: update_news :: 73 :: News article appended.
03/08/2022 01:10:55 PM :: covid_news_handling :: INFO :: update_news :: 73 :: News article appended.
03/08/2022 01:10:55 PM :: covid_news_handling :: INFO :: update_news :: 73 :: News article appended.
03/08/2022 01:10:55 PM :: covid_news_handling :: INFO :: update_news :: 73 :: News article appended.
03/08/2022 01:10:55 PM :: covid_news_handling :: INFO :: update_news :: 73 :: News article appended.
03/08/2022 01:10:55 PM :: covid_news_handling :: INFO :: update_news :: 73 :: News article appended.
03/08/2022 01:10:55 PM :: covid_news_handling :: INFO :: update_news :: 73 :: News article appended.
03/08/2022 01:10:55 PM :: covid_news_handling :: INFO :: update_news :: 73 :: News article appended.
03/08/2022 01:10:55 PM :: covid_news_handling :: INFO :: update_news :: 73 :: News article appended.
03/08/2022 01:10:55 PM :: covid_news_handling :: INFO :: update_news :: 73 :: News article appended.
03/08/2022 01:10:55 PM :: covid_news_handling :: INFO :: update_news :: 73 :: News article appended.
03/08/2022 01:10:55 PM :: covid_news_handling :: INFO :: update_news :: 73 :: News article appended.
03/08/2022 01:10:55 PM :: covid_news_handling :: INFO :: update_news :: 73 :: News article appended.
03/08/2022 01:10:55 PM :: covid_news_handling :: INFO :: update_news :: 73 :: News article appended.
03/08/2022 01:10:55 PM :: covid_news_handling :: INFO :: update_news :: 73 :: News article appended.
03/08/2022 01:10:55 PM :: covid_news_handling :: INFO :: update_news :: 73 :: News article appended.
03/08/2022 01:10:55 PM :: covid_news_handling :: INFO :: update_news :: 73 :: News article appended.
03/08/2022 01:10:55 PM :: covid_news_handling :: INFO :: update_news :: 73 :: News article appended.
03/08/2022 01:10:55 PM :: covid_news_handling :: INFO :: update_news :: 73 :: News article appended.
03/08/2022 01:10:55 PM :: covid_news_handling :: INFO :: update_news :: 73 :: News article appended.
03/08/2022 01:10:55 PM :: covid_news_handling :: INFO :: update_news :: 73 :: News article appended.
03/08/2022 01:10:55 PM :: covid_news_handling :: INFO :: update_news :: 73 :: News article appended.
03/08/2022 01:10:55 PM :: covid_news_handling :: INFO :: update_news :: 73 :: News article appended.
03/08/2022 01:10:55 PM :: covid_news_handling :: INFO :: update_news :: 73 :: News article appended.
03/08/2022 01:10:55 PM :: covid_news_handling :: INFO :: update_news :: 73 :: News article appended.
03/08/2022 01:10:55 PM :: covid_news_handling :: INFO :: update_news :: 73 :: News article appended.
03/08/2022 01:10:55 PM :: covid_news_handling :: INFO :: update_news :: 73 :: News article appended.
03/08/2022 01:10:55 PM :: covid_news_handling :: INFO :: update_news :: 73 :: News article appended.
03/08/2022 01:10:55 PM :: covid_news_handling :: INFO :: update_news :: 73 :: News article appended.
03/08/2022 01:10:55 PM :: covid_news_handling :: INFO :: update_news :: 73 :: News article appended.
03/08/2022 01:10:55 PM :: __main__ :: DEBUG :: covid_API_request :: 198 :: Processing the covid api request...
03/08/2022 01:10:55 PM :: urllib3.connectionpool :: DEBUG :: _new_conn :: 971 :: Starting new HTTPS connection (1): api.coronavirus.data.gov.uk:443
03/08/2022 01:10:56 PM :: urllib3.connectionpool :: DEBUG :: _make_request :: 452 :: https://api.coronavirus.data.gov.uk:443 "GET /v1/data?filters=areaType%3Dltla%3BareaName%3DExeter&structure=%7B%22areaCode%22%3A%22areaCode%22%2C%22areaName%22%3A%22areaName%22%2C%22areaType%22%3A%22areaType%22%2C%22date%22%3A%22date%22%2C%22totalDeaths%22%3A%22newDailyNsoDeathsByDeathDate%22%2C%22hospitalCases%22%3A%22hospitalCases%22%2C%22newCasesByPublishDate%22%3A%22newCasesByPublishDate%22%7D&format=json&page=1 HTTP/1.1" 200 None
03/08/2022 01:10:56 PM :: urllib3.connectionpool :: DEBUG :: _new_conn :: 971 :: Starting new HTTPS connection (1): api.coronavirus.data.gov.uk:443
03/08/2022 01:10:57 PM :: urllib3.connectionpool :: DEBUG :: _make_request :: 452 :: https://api.coronavirus.data.gov.uk:443 "GET /v1/data?filters=areaType%3Dltla%3BareaName%3DExeter&structure=%7B%22areaCode%22%3A%22areaCode%22%2C%22areaName%22%3A%22areaName%22%2C%22areaType%22%3A%22areaType%22%2C%22date%22%3A%22date%22%2C%22totalDeaths%22%3A%22newDailyNsoDeathsByDeathDate%22%2C%22hospitalCases%22%3A%22hospitalCases%22%2C%22newCasesByPublishDate%22%3A%22newCasesByPublishDate%22%7D&format=json&page=2 HTTP/1.1" 204 0
03/08/2022 01:10:57 PM :: __main__ :: INFO :: covid_API_request :: 202 :: Json file with COVID19 api data made.
03/08/2022 01:10:57 PM :: __main__ :: DEBUG :: covid_API_request :: 198 :: Processing the covid api request...
03/08/2022 01:10:57 PM :: urllib3.connectionpool :: DEBUG :: _new_conn :: 971 :: Starting new HTTPS connection (1): api.coronavirus.data.gov.uk:443
03/08/2022 01:10:58 PM :: urllib3.connectionpool :: DEBUG :: _make_request :: 452 :: https://api.coronavirus.data.gov.uk:443 "GET /v1/data?filters=areaType%3Dnation%3BareaName%3DEngland&structure=%7B%22areaCode%22%3A%22areaCode%22%2C%22areaName%22%3A%22areaName%22%2C%22areaType%22%3A%22areaType%22%2C%22date%22%3A%22date%22%2C%22totalDeaths%22%3A%22newDailyNsoDeathsByDeathDate%22%2C%22hospitalCases%22%3A%22hospitalCases%22%2C%22newCasesByPublishDate%22%3A%22newCasesByPublishDate%22%7D&format=json&page=1 HTTP/1.1" 200 None
03/08/2022 01:10:58 PM :: urllib3.connectionpool :: DEBUG :: _new_conn :: 971 :: Starting new HTTPS connection (1): api.coronavirus.data.gov.uk:443
03/08/2022 01:10:58 PM :: urllib3.connectionpool :: DEBUG :: _make_request :: 452 :: https://api.coronavirus.data.gov.uk:443 "GET /v1/data?filters=areaType%3Dnation%3BareaName%3DEngland&structure=%7B%22areaCode%22%3A%22areaCode%22%2C%22areaName%22%3A%22areaName%22%2C%22areaType%22%3A%22areaType%22%2C%22date%22%3A%22date%22%2C%22totalDeaths%22%3A%22newDailyNsoDeathsByDeathDate%22%2C%22hospitalCases%22%3A%22hospitalCases%22%2C%22newCasesByPublishDate%22%3A%22newCasesByPublishDate%22%7D&format=json&page=2 HTTP/1.1" 204 0
03/08/2022 01:10:58 PM :: __main__ :: INFO :: covid_API_request :: 202 :: Json file with COVID19 api data made.
